  AccountManage.cpp
C:\Users\choi\source\repos\LibraryManagingSystem\LibraryManagingSystem\AccountManage.cpp(36,1): error C2011: 'AccountManager': 'class' 형식 재정의
C:\Users\choi\source\repos\LibraryManagingSystem\LibraryManagingSystem\AccountManage.h(15): message : 'AccountManager' 선언을 참조하십시오.
  LibraryManage.cpp
C:\Users\choi\source\repos\LibraryManagingSystem\LibraryManagingSystem\LibraryManage.cpp(46,9): error C2143: 구문 오류: ';'이(가) '*' 앞에 없습니다.
C:\Users\choi\source\repos\LibraryManagingSystem\LibraryManagingSystem\LibraryManage.cpp(46,9): error C4430: 형식 지정자가 없습니다. int로 가정합니다. 참고: C++에서는 기본 int를 지원하지 않습니다.
C:\Users\choi\source\repos\LibraryManagingSystem\LibraryManagingSystem\LibraryManage.cpp(46,15): error C2238: ';' 앞에 예기치 않은 토큰이 있습니다.
C:\Users\choi\source\repos\LibraryManagingSystem\LibraryManagingSystem\LibraryManage.cpp(48,17): error C2061: 구문 오류: 식별자 'Account'
C:\Users\choi\source\repos\LibraryManagingSystem\LibraryManagingSystem\LibraryManage.cpp(331,16): error C2535: 'LibraryManager::LibraryManager(void)': 멤버 함수를 이미 정의했거나 선언했습니다.
C:\Users\choi\source\repos\LibraryManagingSystem\LibraryManagingSystem\LibraryManage.cpp(48): message : 'LibraryManager::LibraryManager' 선언을 참조하십시오.
C:\Users\choi\source\repos\LibraryManagingSystem\LibraryManagingSystem\LibraryManage.cpp(48,53): error C2065: 'Head': 선언되지 않은 식별자입니다.
C:\Users\choi\source\repos\LibraryManagingSystem\LibraryManagingSystem\LibraryManage.cpp(48,48): error C2614: 'LibraryManager': 멤버 초기화가 잘못되었습니다. 'Head'이(가) 기본 또는 멤버가 아닙니다.
C:\Users\choi\source\repos\LibraryManagingSystem\LibraryManagingSystem\LibraryManage.cpp(121,3): error C2065: 'Account': 선언되지 않은 식별자입니다.
C:\Users\choi\source\repos\LibraryManagingSystem\LibraryManagingSystem\LibraryManage.cpp(121,12): error C2065: 'userNode': 선언되지 않은 식별자입니다.
C:\Users\choi\source\repos\LibraryManagingSystem\LibraryManagingSystem\LibraryManage.cpp(122,3): error C2065: 'AccountManager': 선언되지 않은 식별자입니다.
C:\Users\choi\source\repos\LibraryManagingSystem\LibraryManagingSystem\LibraryManage.cpp(122,18): error C2146: 구문 오류: ';'이(가) 'tempclass' 식별자 앞에 없습니다.
C:\Users\choi\source\repos\LibraryManagingSystem\LibraryManagingSystem\LibraryManage.cpp(122,18): error C2065: 'tempclass': 선언되지 않은 식별자입니다.
C:\Users\choi\source\repos\LibraryManagingSystem\LibraryManagingSystem\LibraryManage.cpp(122,30): error C3861: 'AccountManager': 식별자를 찾을 수 없습니다.
C:\Users\choi\source\repos\LibraryManagingSystem\LibraryManagingSystem\LibraryManage.cpp(127,3): error C2065: 'userNode': 선언되지 않은 식별자입니다.
C:\Users\choi\source\repos\LibraryManagingSystem\LibraryManagingSystem\LibraryManage.cpp(127,14): error C2065: 'tempclass': 선언되지 않은 식별자입니다.
C:\Users\choi\source\repos\LibraryManagingSystem\LibraryManagingSystem\LibraryManage.cpp(127,34): error C2065: 'Head': 선언되지 않은 식별자입니다.
C:\Users\choi\source\repos\LibraryManagingSystem\LibraryManagingSystem\LibraryManage.cpp(128,8): error C2065: 'userNode': 선언되지 않은 식별자입니다.
C:\Users\choi\source\repos\LibraryManagingSystem\LibraryManagingSystem\LibraryManage.cpp(137,3): error C2065: 'userNode': 선언되지 않은 식별자입니다.
C:\Users\choi\source\repos\LibraryManagingSystem\LibraryManagingSystem\LibraryManage.cpp(137,25): error C2065: 'userNode': 선언되지 않은 식별자입니다.
C:\Users\choi\source\repos\LibraryManagingSystem\LibraryManagingSystem\LibraryManage.cpp(149,12): error C2065: 'userNode': 선언되지 않은 식별자입니다.
C:\Users\choi\source\repos\LibraryManagingSystem\LibraryManagingSystem\LibraryManage.cpp(163,3): error C2065: 'Account': 선언되지 않은 식별자입니다.
C:\Users\choi\source\repos\LibraryManagingSystem\LibraryManagingSystem\LibraryManage.cpp(163,12): error C2065: 'userNode': 선언되지 않은 식별자입니다.
C:\Users\choi\source\repos\LibraryManagingSystem\LibraryManagingSystem\LibraryManage.cpp(166,3): error C2065: 'AccountManager': 선언되지 않은 식별자입니다.
C:\Users\choi\source\repos\LibraryManagingSystem\LibraryManagingSystem\LibraryManage.cpp(166,18): error C2146: 구문 오류: ';'이(가) 'tempclass' 식별자 앞에 없습니다.
C:\Users\choi\source\repos\LibraryManagingSystem\LibraryManagingSystem\LibraryManage.cpp(166,18): error C2065: 'tempclass': 선언되지 않은 식별자입니다.
C:\Users\choi\source\repos\LibraryManagingSystem\LibraryManagingSystem\LibraryManage.cpp(166,30): error C3861: 'AccountManager': 식별자를 찾을 수 없습니다.
C:\Users\choi\source\repos\LibraryManagingSystem\LibraryManagingSystem\LibraryManage.cpp(170,3): error C2065: 'userNode': 선언되지 않은 식별자입니다.
C:\Users\choi\source\repos\LibraryManagingSystem\LibraryManagingSystem\LibraryManage.cpp(170,14): error C2065: 'tempclass': 선언되지 않은 식별자입니다.
C:\Users\choi\source\repos\LibraryManagingSystem\LibraryManagingSystem\LibraryManage.cpp(170,34): error C2065: 'Head': 선언되지 않은 식별자입니다.
C:\Users\choi\source\repos\LibraryManagingSystem\LibraryManagingSystem\LibraryManage.cpp(175,4): error C2065: 'userNode': 선언되지 않은 식별자입니다.
C:\Users\choi\source\repos\LibraryManagingSystem\LibraryManagingSystem\LibraryManage.cpp(175,26): error C2065: 'userNode': 선언되지 않은 식별자입니다.
C:\Users\choi\source\repos\LibraryManagingSystem\LibraryManagingSystem\LibraryManage.cpp(336,2): error C2065: 'Account': 선언되지 않은 식별자입니다.
C:\Users\choi\source\repos\LibraryManagingSystem\LibraryManagingSystem\LibraryManage.cpp(336,11): error C2065: 'Head': 선언되지 않은 식별자입니다.
C:\Users\choi\source\repos\LibraryManagingSystem\LibraryManagingSystem\LibraryManage.cpp(336,22): error C2061: 구문 오류: 식별자 'Account'
C:\Users\choi\source\repos\LibraryManagingSystem\LibraryManagingSystem\LibraryManage.cpp(338,2): error C2065: 'AccountManager': 선언되지 않은 식별자입니다.
C:\Users\choi\source\repos\LibraryManagingSystem\LibraryManagingSystem\LibraryManage.cpp(338,17): error C2146: 구문 오류: ';'이(가) 'account_manager' 식별자 앞에 없습니다.
C:\Users\choi\source\repos\LibraryManagingSystem\LibraryManagingSystem\LibraryManage.cpp(338,17): error C2065: 'account_manager': 선언되지 않은 식별자입니다.
C:\Users\choi\source\repos\LibraryManagingSystem\LibraryManagingSystem\LibraryManage.cpp(338,50): error C2065: 'Head': 선언되지 않은 식별자입니다.
C:\Users\choi\source\repos\LibraryManagingSystem\LibraryManagingSystem\LibraryManage.cpp(338,35): error C3861: 'AccountManager': 식별자를 찾을 수 없습니다.
C:\Users\choi\source\repos\LibraryManagingSystem\LibraryManagingSystem\LibraryManage.cpp(339,2): error C2065: 'account_manager': 선언되지 않은 식별자입니다.
C:\Users\choi\source\repos\LibraryManagingSystem\LibraryManagingSystem\LibraryManage.cpp(340,42): error C2065: 'Head': 선언되지 않은 식별자입니다.
  코드를 생성하고 있습니다...
